<?xml version="1.0" encoding="utf-8" standalone="no"?>
<!--This file represents the results of running a test suite-->
<test-results name="C:\Users\Escande\Desktop\gv\sv\gv\gv.Tests\bin\Debug\gv.Tests.dll" total="6" errors="0" failures="0" not-run="0" inconclusive="0" ignored="0" skipped="0" invalid="0" date="2014-12-19" time="09:19:16">
  <environment nunit-version="2.6.3.13283" clr-version="2.0.50727.5420" os-version="Microsoft Windows NT 6.1.7601 Service Pack 1" platform="Win32NT" cwd="C:\Users\Escande\Desktop\gv\sv\gv\gv.Tests\bin\Debug" machine-name="ESCANDE-PC" user="Escande" user-domain="Escande-PC" />
  <culture-info current-culture="fr-FR" current-uiculture="fr-FR" />
  <test-suite type="Assembly" name="C:\Users\Escande\Desktop\gv\sv\gv\gv.Tests\bin\Debug\gv.Tests.dll" executed="True" result="Success" success="True" time="0.466" asserts="0">
    <results>
      <test-suite type="Namespace" name="gv" executed="True" result="Success" success="True" time="0.465" asserts="0">
        <results>
          <test-suite type="Namespace" name="Tests" executed="True" result="Success" success="True" time="0.464" asserts="0">
            <results>
              <test-suite type="TestFixture" name="Tests" executed="True" result="Success" success="True" time="0.463" asserts="0">
                <results>
                  <test-case name="gv.Tests.Tests.Checking_earth_spawn" executed="True" result="Success" success="True" time="0.037" asserts="2" />
                  <test-case name="gv.Tests.Tests.creates_planet_name_between_6_and_8_char" executed="True" result="Success" success="True" time="0.060" asserts="100" />
                  <test-case name="gv.Tests.Tests.planet_type_assignement_works" executed="True" result="Success" success="True" time="0.074" asserts="0" />
                  <test-case name="gv.Tests.Tests.Planets_Pos_test" executed="True" result="Success" success="True" time="0.014" asserts="0" />
                  <test-case name="gv.Tests.Tests.player_resources_are_initialized_at_0" executed="True" result="Success" success="True" time="0.018" asserts="6" />
                  <test-case name="gv.Tests.Tests.random_type_check" executed="True" result="Success" success="True" time="0.038" asserts="0" />
                </results>
              </test-suite>
            </results>
          </test-suite>
        </results>
      </test-suite>
    </results>
  </test-suite>
</test-results>