<?xml version="1.0" encoding="utf-8" standalone="no"?>
<!--This file represents the results of running a test suite-->
<test-results name="C:\myGit\sv\gv\gv.Tests\bin\Debug\gv.Tests.dll" total="4" errors="0" failures="0" not-run="0" inconclusive="0" ignored="0" skipped="0" invalid="0" date="2014-11-03" time="16:06:00">
  <environment nunit-version="2.6.3.13283" clr-version="4.0.30319.34014" os-version="Microsoft Windows NT 6.2.9200.0" platform="Win32NT" cwd="C:\myGit\sv\gv\gv.Tests\bin\Debug" machine-name="ESCANDE" user="Damien" user-domain="Escande" />
  <culture-info current-culture="fr-FR" current-uiculture="fr-FR" />
  <test-suite type="Assembly" name="C:\myGit\sv\gv\gv.Tests\bin\Debug\gv.Tests.dll" executed="True" result="Success" success="True" time="4.456" asserts="0">
    <results>
      <test-suite type="Namespace" name="gv" executed="True" result="Success" success="True" time="4.456" asserts="0">
        <results>
          <test-suite type="Namespace" name="Tests" executed="True" result="Success" success="True" time="4.455" asserts="0">
            <results>
              <test-suite type="TestFixture" name="Tests" executed="True" result="Success" success="True" time="4.455" asserts="0">
                <results>
                  <test-case name="gv.Tests.Tests.creates_planet_name_between_6_and_8_char" executed="True" result="Success" success="True" time="1.124" asserts="100" />
                  <test-case name="gv.Tests.Tests.planet_type_assignement_works" executed="True" result="Success" success="True" time="1.064" asserts="100" />
                  <test-case name="gv.Tests.Tests.random_type_check" executed="True" result="Success" success="True" time="1.110" asserts="0" />
                  <test-case name="gv.Tests.Tests.With_type_comes_ressources" executed="True" result="Success" success="True" time="1.123" asserts="247" />
                </results>
              </test-suite>
            </results>
          </test-suite>
        </results>
      </test-suite>
    </results>
  </test-suite>
</test-results>