<?xml version="1.0" encoding="utf-8" standalone="no"?>
<!--This file represents the results of running a test suite-->
<test-results name="C:\myGit\sv\gv\gv.Tests\bin\Debug\gv.Tests.dll" total="1" errors="0" failures="0" not-run="0" inconclusive="0" ignored="0" skipped="0" invalid="0" date="2014-12-11" time="10:46:02">
  <environment nunit-version="2.6.3.13283" clr-version="2.0.50727.8009" os-version="Microsoft Windows NT 6.2.9200.0" platform="Win32NT" cwd="C:\myGit\sv\gv\gv.Tests\bin\Debug" machine-name="ESCANDE" user="Damien" user-domain="Escande" />
  <culture-info current-culture="fr-FR" current-uiculture="fr-FR" />
  <test-suite type="Assembly" name="C:\myGit\sv\gv\gv.Tests\bin\Debug\gv.Tests.dll" executed="True" result="Success" success="True" time="0.403" asserts="0">
    <results>
      <test-suite type="Namespace" name="gv" executed="True" result="Success" success="True" time="0.355" asserts="0">
        <results>
          <test-suite type="Namespace" name="Tests" executed="True" result="Success" success="True" time="0.355" asserts="0">
            <results>
              <test-suite type="TestFixture" name="Tests" executed="True" result="Success" success="True" time="0.349" asserts="0">
                <results>
                  <test-case name="gv.Tests.Tests.player_resources_are_initialized_at_0" executed="True" result="Success" success="True" time="0.313" asserts="6" />
                </results>
              </test-suite>
            </results>
          </test-suite>
        </results>
      </test-suite>
    </results>
  </test-suite>
</test-results>