<?xml version="1.0" encoding="utf-8" standalone="no"?>
<!--This file represents the results of running a test suite-->
<test-results name="C:\Users\BENOIT\Desktop\PI-SpaceVagabond\sv\gv\gv.Tests\bin\Debug\gv.Tests.dll" total="4" errors="0" failures="1" not-run="0" inconclusive="0" ignored="0" skipped="0" invalid="0" date="2014-10-31" time="14:07:59">
  <environment nunit-version="2.6.3.13283" clr-version="4.0.30319.34014" os-version="Microsoft Windows NT 6.2.9200.0" platform="Win32NT" cwd="C:\Users\BENOIT\Desktop\PI-SpaceVagabond\sv\gv\gv.Tests\bin\Debug" machine-name="BENOITGIDON" user="BENOIT" user-domain="BenoitGidon" />
  <culture-info current-culture="fr-FR" current-uiculture="fr-FR" />
  <test-suite type="Assembly" name="C:\Users\BENOIT\Desktop\PI-SpaceVagabond\sv\gv\gv.Tests\bin\Debug\gv.Tests.dll" executed="True" result="Failure" success="False" time="6.592" asserts="0">
    <results>
      <test-suite type="Namespace" name="gv" executed="True" result="Failure" success="False" time="6.535" asserts="0">
        <results>
          <test-suite type="Namespace" name="Tests" executed="True" result="Failure" success="False" time="6.534" asserts="0">
            <results>
              <test-suite type="TestFixture" name="Tests" executed="True" result="Failure" success="False" time="6.529" asserts="0">
                <results>
                  <test-case name="gv.Tests.Tests.creates_planet_name_between_6_and_8_char" executed="True" result="Success" success="True" time="2.425" asserts="100" />
                  <test-case name="gv.Tests.Tests.planet_type_assignement_works" executed="True" result="Success" success="True" time="1.812" asserts="100" />
                  <test-case name="gv.Tests.Tests.random_type_check" executed="True" result="Success" success="True" time="1.800" asserts="0" />
                  <test-case name="gv.Tests.Tests.With_type_comes_ressources" executed="True" result="Failure" success="False" time="0.348" asserts="4">
                    <failure>
                      <message><![CDATA[  Expected: True
  But was:  False
]]></message>
                      <stack-trace><![CDATA[à gv.Tests.Tests.With_type_comes_ressources() dans c:\Users\BENOIT\Desktop\PI-SpaceVagabond\sv\gv\gv.Tests\Tests.cs:ligne 125
]]></stack-trace>
                    </failure>
                  </test-case>
                </results>
              </test-suite>
            </results>
          </test-suite>
        </results>
      </test-suite>
    </results>
  </test-suite>
</test-results>