<?xml version="1.0" encoding="utf-8" standalone="no"?>
<!--This file represents the results of running a test suite-->
<test-results name="C:\Users\Benoit\Desktop\PI\sv\gv\gv.Tests\bin\Debug\gv.Tests.dll" total="1" errors="0" failures="1" not-run="0" inconclusive="0" ignored="0" skipped="0" invalid="0" date="2014-12-22" time="14:20:26">
  <environment nunit-version="2.6.3.13283" clr-version="2.0.50727.8009" os-version="Microsoft Windows NT 6.2.9200.0" platform="Win32NT" cwd="C:\Users\Benoit\Desktop\PI\sv\gv\gv.Tests\bin\Debug" machine-name="BENOIT" user="Benoit" user-domain="BENOIT" />
  <culture-info current-culture="fr-FR" current-uiculture="fr-FR" />
  <test-suite type="Assembly" name="C:\Users\Benoit\Desktop\PI\sv\gv\gv.Tests\bin\Debug\gv.Tests.dll" executed="True" result="Failure" success="False" time="0.202" asserts="0">
    <results>
      <test-suite type="Namespace" name="gv" executed="True" result="Failure" success="False" time="0.184" asserts="0">
        <results>
          <test-suite type="Namespace" name="Tests" executed="True" result="Failure" success="False" time="0.184" asserts="0">
            <results>
              <test-suite type="TestFixture" name="Tests" executed="True" result="Failure" success="False" time="0.182" asserts="0">
                <results>
                  <test-case name="gv.Tests.Tests.With_type_comes_ressources" executed="True" result="Failure" success="False" time="0.168" asserts="3">
                    <failure>
                      <message><![CDATA[  Expected: True
  But was:  False
]]></message>
                      <stack-trace><![CDATA[à gv.Tests.Tests.With_type_comes_ressources() dans c:\Users\Benoit\Desktop\PI\sv\gv\gv.Tests\Tests.cs:ligne 60
]]></stack-trace>
                    </failure>
                  </test-case>
                </results>
              </test-suite>
            </results>
          </test-suite>
        </results>
      </test-suite>
    </results>
  </test-suite>
</test-results>