<?xml version="1.0" encoding="utf-8" standalone="no"?>
<!--This file represents the results of running a test suite-->
<test-results name="C:\Users\BENOIT\Desktop\PI-SpaceVagabond\sv\gv\gv.Tests\bin\Debug\gv.Tests.dll" total="4" errors="0" failures="0" not-run="0" inconclusive="0" ignored="0" skipped="0" invalid="0" date="2014-11-05" time="14:48:48">
  <environment nunit-version="2.6.3.13283" clr-version="4.0.30319.34014" os-version="Microsoft Windows NT 6.2.9200.0" platform="Win32NT" cwd="C:\Users\BENOIT\Desktop\PI-SpaceVagabond\sv\gv\gv.Tests\bin\Debug" machine-name="BENOITGIDON" user="BENOIT" user-domain="BenoitGidon" />
  <culture-info current-culture="fr-FR" current-uiculture="fr-FR" />
  <test-suite type="Assembly" name="C:\Users\BENOIT\Desktop\PI-SpaceVagabond\sv\gv\gv.Tests\bin\Debug\gv.Tests.dll" executed="True" result="Success" success="True" time="7.728" asserts="0">
    <results>
      <test-suite type="Namespace" name="gv" executed="True" result="Success" success="True" time="7.680" asserts="0">
        <results>
          <test-suite type="Namespace" name="Tests" executed="True" result="Success" success="True" time="7.679" asserts="0">
            <results>
              <test-suite type="TestFixture" name="Tests" executed="True" result="Success" success="True" time="7.674" asserts="0">
                <results>
                  <test-case name="gv.Tests.Tests.creates_planet_name_between_6_and_8_char" executed="True" result="Success" success="True" time="2.643" asserts="100" />
                  <test-case name="gv.Tests.Tests.planet_type_assignement_works" executed="True" result="Success" success="True" time="1.657" asserts="100" />
                  <test-case name="gv.Tests.Tests.random_type_check" executed="True" result="Success" success="True" time="1.604" asserts="0" />
                  <test-case name="gv.Tests.Tests.With_type_comes_ressources" executed="True" result="Success" success="True" time="1.652" asserts="239" />
                </results>
              </test-suite>
            </results>
          </test-suite>
        </results>
      </test-suite>
    </results>
  </test-suite>
</test-results>